{"uuid":"ece9cbc5-1df3-4df3-a6a4-4997c5380f3f","historyId":"9c81fde32d55086bd1b4c9b20e8e08fe","testCaseId":"[engine:junit-jupiter]/[class:com.prestashop.DashboardTest]/[method:test3_dashboardTest()]","testCaseName":"test3_dashboardTest()","fullName":"com.prestashop.DashboardTest.test3_dashboardTest","labels":[{"name":"junit.platform.uniqueid","value":"[engine:junit-jupiter]/[class:com.prestashop.DashboardTest]/[method:test3_dashboardTest()]"},{"name":"host","value":"DESKTOP-O4TM00G"},{"name":"thread","value":"10404@DESKTOP-O4TM00G.main(1)"},{"name":"framework","value":"junit-platform"},{"name":"language","value":"java"},{"name":"package","value":"com.prestashop.DashboardTest"},{"name":"testClass","value":"com.prestashop.DashboardTest"},{"name":"testMethod","value":"test3_dashboardTest"},{"name":"suite","value":"com.prestashop.DashboardTest"}],"links":[],"name":"test3_dashboardTest()","status":"broken","statusDetails":{"known":false,"muted":false,"flaky":false,"message":"Error {\n  message='Error: strict mode violation: locator(\"a:has-text('Accessories')\") resolved to 2 elements:\n    1) <a data-depth=\"0\" class=\"dropdown-item\" href=\"https…>…</a> aka getByRole(AriaRole.LINK, new Page.GetByRoleOptions().setName(\"Accessories\"))\n    2) <a data-depth=\"1\" class=\"dropdown-item dropdown-sub…>↵                                Home Accessories…</a> aka getByText(\"Home Accessories\")\n\n  name='Error\n  stack='Error: Error: strict mode violation: locator(\"a:has-text('Accessories')\") resolved to 2 elements:\n    1) <a data-depth=\"0\" class=\"dropdown-item\" href=\"https…>…</a> aka getByRole(AriaRole.LINK, new Page.GetByRoleOptions().setName(\"Accessories\"))\n    2) <a data-depth=\"1\" class=\"dropdown-item dropdown-sub…>↵                                Home Accessories…</a> aka getByText(\"Home Accessories\")\n\n    at CRExecutionContext.evaluateWithArguments (C:\\Users\\User\\AppData\\Local\\Temp\\playwright-java-13986610088736224688\\package\\lib\\server\\chromium\\crExecutionContext.js:92:33)\n    at async LongStandingScope._race (C:\\Users\\User\\AppData\\Local\\Temp\\playwright-java-13986610088736224688\\package\\lib\\utils\\manualPromise.js:96:14)\n    at async evaluateExpression (C:\\Users\\User\\AppData\\Local\\Temp\\playwright-java-13986610088736224688\\package\\lib\\server\\javascript.js:241:12)\n    at async C:\\Users\\User\\AppData\\Local\\Temp\\playwright-java-13986610088736224688\\package\\lib\\server\\frames.js:942:22\n    at async Frame.retryWithProgressAndTimeouts (C:\\Users\\User\\AppData\\Local\\Temp\\playwright-java-13986610088736224688\\package\\lib\\server\\frames.js:912:24)\n    at async C:\\Users\\User\\AppData\\Local\\Temp\\playwright-java-13986610088736224688\\package\\lib\\server\\frames.js:1154:29\n    at async ProgressController.run (C:\\Users\\User\\AppData\\Local\\Temp\\playwright-java-13986610088736224688\\package\\lib\\server\\progress.js:82:22)\n    at async FrameDispatcher.hover (C:\\Users\\User\\AppData\\Local\\Temp\\playwright-java-13986610088736224688\\package\\lib\\server\\dispatchers\\frameDispatcher.js:237:12)\n    at async LongStandingScope._race (C:\\Users\\User\\AppData\\Local\\Temp\\playwright-java-13986610088736224688\\package\\lib\\utils\\manualPromise.js:96:14)\n    at async FrameDispatcher._handleCommand (C:\\Users\\User\\AppData\\Local\\Temp\\playwright-java-13986610088736224688\\package\\lib\\server\\dispatchers\\dispatcher.js:96:14)\n}\nCall log:\n- waiting for locator(\"a:has-text('Accessories')\")\n","trace":"com.microsoft.playwright.PlaywrightException: Error {\n  message='Error: strict mode violation: locator(\"a:has-text('Accessories')\") resolved to 2 elements:\n    1) <a data-depth=\"0\" class=\"dropdown-item\" href=\"https…>…</a> aka getByRole(AriaRole.LINK, new Page.GetByRoleOptions().setName(\"Accessories\"))\n    2) <a data-depth=\"1\" class=\"dropdown-item dropdown-sub…>↵                                Home Accessories…</a> aka getByText(\"Home Accessories\")\n\n  name='Error\n  stack='Error: Error: strict mode violation: locator(\"a:has-text('Accessories')\") resolved to 2 elements:\n    1) <a data-depth=\"0\" class=\"dropdown-item\" href=\"https…>…</a> aka getByRole(AriaRole.LINK, new Page.GetByRoleOptions().setName(\"Accessories\"))\n    2) <a data-depth=\"1\" class=\"dropdown-item dropdown-sub…>↵                                Home Accessories…</a> aka getByText(\"Home Accessories\")\n\n    at CRExecutionContext.evaluateWithArguments (C:\\Users\\User\\AppData\\Local\\Temp\\playwright-java-13986610088736224688\\package\\lib\\server\\chromium\\crExecutionContext.js:92:33)\n    at async LongStandingScope._race (C:\\Users\\User\\AppData\\Local\\Temp\\playwright-java-13986610088736224688\\package\\lib\\utils\\manualPromise.js:96:14)\n    at async evaluateExpression (C:\\Users\\User\\AppData\\Local\\Temp\\playwright-java-13986610088736224688\\package\\lib\\server\\javascript.js:241:12)\n    at async C:\\Users\\User\\AppData\\Local\\Temp\\playwright-java-13986610088736224688\\package\\lib\\server\\frames.js:942:22\n    at async Frame.retryWithProgressAndTimeouts (C:\\Users\\User\\AppData\\Local\\Temp\\playwright-java-13986610088736224688\\package\\lib\\server\\frames.js:912:24)\n    at async C:\\Users\\User\\AppData\\Local\\Temp\\playwright-java-13986610088736224688\\package\\lib\\server\\frames.js:1154:29\n    at async ProgressController.run (C:\\Users\\User\\AppData\\Local\\Temp\\playwright-java-13986610088736224688\\package\\lib\\server\\progress.js:82:22)\n    at async FrameDispatcher.hover (C:\\Users\\User\\AppData\\Local\\Temp\\playwright-java-13986610088736224688\\package\\lib\\server\\dispatchers\\frameDispatcher.js:237:12)\n    at async LongStandingScope._race (C:\\Users\\User\\AppData\\Local\\Temp\\playwright-java-13986610088736224688\\package\\lib\\utils\\manualPromise.js:96:14)\n    at async FrameDispatcher._handleCommand (C:\\Users\\User\\AppData\\Local\\Temp\\playwright-java-13986610088736224688\\package\\lib\\server\\dispatchers\\dispatcher.js:96:14)\n}\nCall log:\n- waiting for locator(\"a:has-text('Accessories')\")\n\r\n\tat com.microsoft.playwright.impl.WaitableResult.get(WaitableResult.java:54)\r\n\tat com.microsoft.playwright.impl.ChannelOwner.runUntil(ChannelOwner.java:120)\r\n\tat com.microsoft.playwright.impl.Connection.sendMessage(Connection.java:130)\r\n\tat com.microsoft.playwright.impl.ChannelOwner.sendMessage(ChannelOwner.java:106)\r\n\tat com.microsoft.playwright.impl.FrameImpl.hoverImpl(FrameImpl.java:482)\r\n\tat com.microsoft.playwright.impl.FrameImpl.lambda$hover$19(FrameImpl.java:473)\r\n\tat com.microsoft.playwright.impl.LoggingSupport.lambda$withLogging$0(LoggingSupport.java:36)\r\n\tat com.microsoft.playwright.impl.LoggingSupport.withLogging(LoggingSupport.java:47)\r\n\tat com.microsoft.playwright.impl.ChannelOwner.withLogging(ChannelOwner.java:89)\r\n\tat com.microsoft.playwright.impl.LoggingSupport.withLogging(LoggingSupport.java:35)\r\n\tat com.microsoft.playwright.impl.FrameImpl.hover(FrameImpl.java:473)\r\n\tat com.microsoft.playwright.impl.LocatorImpl.hover(LocatorImpl.java:335)\r\n\tat com.microsoft.playwright.Locator.hover(Locator.java:3660)\r\n\tat com.prestashop.DashboardPage.hoverAccessoriesAndClickHomeAccessories(DashboardPage.java:17)\r\n\tat com.prestashop.DashboardTest.test3_dashboardTest(DashboardTest.java:21)\r\n\tat java.base/jdk.internal.reflect.DirectMethodHandleAccessor.invoke(DirectMethodHandleAccessor.java:104)\r\n\tat java.base/java.lang.reflect.Method.invoke(Method.java:578)\r\n\tat org.junit.platform.commons.util.ReflectionUtils.invokeMethod(ReflectionUtils.java:766)\r\n\tat org.junit.jupiter.engine.execution.MethodInvocation.proceed(MethodInvocation.java:60)\r\n\tat org.junit.jupiter.engine.execution.InvocationInterceptorChain$ValidatingInvocation.proceed(InvocationInterceptorChain.java:131)\r\n\tat org.junit.jupiter.engine.extension.TimeoutExtension.intercept(TimeoutExtension.java:156)\r\n\tat org.junit.jupiter.engine.extension.TimeoutExtension.interceptTestableMethod(TimeoutExtension.java:147)\r\n\tat org.junit.jupiter.engine.extension.TimeoutExtension.interceptTestMethod(TimeoutExtension.java:86)\r\n\tat org.junit.jupiter.engine.execution.InterceptingExecutableInvoker$ReflectiveInterceptorCall.lambda$ofVoidMethod$0(InterceptingExecutableInvoker.java:103)\r\n\tat org.junit.jupiter.engine.execution.InterceptingExecutableInvoker.lambda$invoke$0(InterceptingExecutableInvoker.java:93)\r\n\tat org.junit.jupiter.engine.execution.InvocationInterceptorChain$InterceptedInvocation.proceed(InvocationInterceptorChain.java:106)\r\n\tat org.junit.jupiter.engine.execution.InvocationInterceptorChain.proceed(InvocationInterceptorChain.java:64)\r\n\tat org.junit.jupiter.engine.execution.InvocationInterceptorChain.chainAndInvoke(InvocationInterceptorChain.java:45)\r\n\tat org.junit.jupiter.engine.execution.InvocationInterceptorChain.invoke(InvocationInterceptorChain.java:37)\r\n\tat org.junit.jupiter.engine.execution.InterceptingExecutableInvoker.invoke(InterceptingExecutableInvoker.java:92)\r\n\tat org.junit.jupiter.engine.execution.InterceptingExecutableInvoker.invoke(InterceptingExecutableInvoker.java:86)\r\n\tat org.junit.jupiter.engine.descriptor.TestMethodTestDescriptor.lambda$invokeTestMethod$8(TestMethodTestDescriptor.java:217)\r\n\tat org.junit.platform.engine.support.hierarchical.ThrowableCollector.execute(ThrowableCollector.java:73)\r\n\tat org.junit.jupiter.engine.descriptor.TestMethodTestDescriptor.invokeTestMethod(TestMethodTestDescriptor.java:213)\r\n\tat org.junit.jupiter.engine.descriptor.TestMethodTestDescriptor.execute(TestMethodTestDescriptor.java:138)\r\n\tat org.junit.jupiter.engine.descriptor.TestMethodTestDescriptor.execute(TestMethodTestDescriptor.java:68)\r\n\tat org.junit.platform.engine.support.hierarchical.NodeTestTask.lambda$executeRecursively$6(NodeTestTask.java:151)\r\n\tat org.junit.platform.engine.support.hierarchical.ThrowableCollector.execute(ThrowableCollector.java:73)\r\n\tat org.junit.platform.engine.support.hierarchical.NodeTestTask.lambda$executeRecursively$8(NodeTestTask.java:141)\r\n\tat org.junit.platform.engine.support.hierarchical.Node.around(Node.java:137)\r\n\tat org.junit.platform.engine.support.hierarchical.NodeTestTask.lambda$executeRecursively$9(NodeTestTask.java:139)\r\n\tat org.junit.platform.engine.support.hierarchical.ThrowableCollector.execute(ThrowableCollector.java:73)\r\n\tat org.junit.platform.engine.support.hierarchical.NodeTestTask.executeRecursively(NodeTestTask.java:138)\r\n\tat org.junit.platform.engine.support.hierarchical.NodeTestTask.execute(NodeTestTask.java:95)\r\n\tat java.base/java.util.ArrayList.forEach(ArrayList.java:1511)\r\n\tat org.junit.platform.engine.support.hierarchical.SameThreadHierarchicalTestExecutorService.invokeAll(SameThreadHierarchicalTestExecutorService.java:41)\r\n\tat org.junit.platform.engine.support.hierarchical.NodeTestTask.lambda$executeRecursively$6(NodeTestTask.java:155)\r\n\tat org.junit.platform.engine.support.hierarchical.ThrowableCollector.execute(ThrowableCollector.java:73)\r\n\tat org.junit.platform.engine.support.hierarchical.NodeTestTask.lambda$executeRecursively$8(NodeTestTask.java:141)\r\n\tat org.junit.platform.engine.support.hierarchical.Node.around(Node.java:137)\r\n\tat org.junit.platform.engine.support.hierarchical.NodeTestTask.lambda$executeRecursively$9(NodeTestTask.java:139)\r\n\tat org.junit.platform.engine.support.hierarchical.ThrowableCollector.execute(ThrowableCollector.java:73)\r\n\tat org.junit.platform.engine.support.hierarchical.NodeTestTask.executeRecursively(NodeTestTask.java:138)\r\n\tat org.junit.platform.engine.support.hierarchical.NodeTestTask.execute(NodeTestTask.java:95)\r\n\tat java.base/java.util.ArrayList.forEach(ArrayList.java:1511)\r\n\tat org.junit.platform.engine.support.hierarchical.SameThreadHierarchicalTestExecutorService.invokeAll(SameThreadHierarchicalTestExecutorService.java:41)\r\n\tat org.junit.platform.engine.support.hierarchical.NodeTestTask.lambda$executeRecursively$6(NodeTestTask.java:155)\r\n\tat org.junit.platform.engine.support.hierarchical.ThrowableCollector.execute(ThrowableCollector.java:73)\r\n\tat org.junit.platform.engine.support.hierarchical.NodeTestTask.lambda$executeRecursively$8(NodeTestTask.java:141)\r\n\tat org.junit.platform.engine.support.hierarchical.Node.around(Node.java:137)\r\n\tat org.junit.platform.engine.support.hierarchical.NodeTestTask.lambda$executeRecursively$9(NodeTestTask.java:139)\r\n\tat org.junit.platform.engine.support.hierarchical.ThrowableCollector.execute(ThrowableCollector.java:73)\r\n\tat org.junit.platform.engine.support.hierarchical.NodeTestTask.executeRecursively(NodeTestTask.java:138)\r\n\tat org.junit.platform.engine.support.hierarchical.NodeTestTask.execute(NodeTestTask.java:95)\r\n\tat org.junit.platform.engine.support.hierarchical.SameThreadHierarchicalTestExecutorService.submit(SameThreadHierarchicalTestExecutorService.java:35)\r\n\tat org.junit.platform.engine.support.hierarchical.HierarchicalTestExecutor.execute(HierarchicalTestExecutor.java:57)\r\n\tat org.junit.platform.engine.support.hierarchical.HierarchicalTestEngine.execute(HierarchicalTestEngine.java:54)\r\n\tat org.junit.platform.launcher.core.EngineExecutionOrchestrator.execute(EngineExecutionOrchestrator.java:147)\r\n\tat org.junit.platform.launcher.core.EngineExecutionOrchestrator.execute(EngineExecutionOrchestrator.java:127)\r\n\tat org.junit.platform.launcher.core.EngineExecutionOrchestrator.execute(EngineExecutionOrchestrator.java:90)\r\n\tat org.junit.platform.launcher.core.EngineExecutionOrchestrator.lambda$execute$0(EngineExecutionOrchestrator.java:55)\r\n\tat org.junit.platform.launcher.core.EngineExecutionOrchestrator.withInterceptedStreams(EngineExecutionOrchestrator.java:102)\r\n\tat org.junit.platform.launcher.core.EngineExecutionOrchestrator.execute(EngineExecutionOrchestrator.java:54)\r\n\tat org.junit.platform.launcher.core.DefaultLauncher.execute(DefaultLauncher.java:114)\r\n\tat org.junit.platform.launcher.core.DefaultLauncher.execute(DefaultLauncher.java:95)\r\n\tat org.junit.platform.launcher.core.DefaultLauncherSession$DelegatingLauncher.execute(DefaultLauncherSession.java:91)\r\n\tat org.junit.platform.launcher.core.SessionPerRequestLauncher.execute(SessionPerRequestLauncher.java:60)\r\n\tat org.eclipse.jdt.internal.junit5.runner.JUnit5TestReference.run(JUnit5TestReference.java:98)\r\n\tat org.eclipse.jdt.internal.junit.runner.TestExecution.run(TestExecution.java:40)\r\n\tat org.eclipse.jdt.internal.junit.runner.RemoteTestRunner.runTests(RemoteTestRunner.java:529)\r\n\tat org.eclipse.jdt.internal.junit.runner.RemoteTestRunner.runTests(RemoteTestRunner.java:756)\r\n\tat org.eclipse.jdt.internal.junit.runner.RemoteTestRunner.run(RemoteTestRunner.java:452)\r\n\tat org.eclipse.jdt.internal.junit.runner.RemoteTestRunner.main(RemoteTestRunner.java:210)\r\nCaused by: com.microsoft.playwright.impl.DriverException: Error {\n  message='Error: strict mode violation: locator(\"a:has-text('Accessories')\") resolved to 2 elements:\n    1) <a data-depth=\"0\" class=\"dropdown-item\" href=\"https…>…</a> aka getByRole(AriaRole.LINK, new Page.GetByRoleOptions().setName(\"Accessories\"))\n    2) <a data-depth=\"1\" class=\"dropdown-item dropdown-sub…>↵                                Home Accessories…</a> aka getByText(\"Home Accessories\")\n\n  name='Error\n  stack='Error: Error: strict mode violation: locator(\"a:has-text('Accessories')\") resolved to 2 elements:\n    1) <a data-depth=\"0\" class=\"dropdown-item\" href=\"https…>…</a> aka getByRole(AriaRole.LINK, new Page.GetByRoleOptions().setName(\"Accessories\"))\n    2) <a data-depth=\"1\" class=\"dropdown-item dropdown-sub…>↵                                Home Accessories…</a> aka getByText(\"Home Accessories\")\n\n    at CRExecutionContext.evaluateWithArguments (C:\\Users\\User\\AppData\\Local\\Temp\\playwright-java-13986610088736224688\\package\\lib\\server\\chromium\\crExecutionContext.js:92:33)\n    at async LongStandingScope._race (C:\\Users\\User\\AppData\\Local\\Temp\\playwright-java-13986610088736224688\\package\\lib\\utils\\manualPromise.js:96:14)\n    at async evaluateExpression (C:\\Users\\User\\AppData\\Local\\Temp\\playwright-java-13986610088736224688\\package\\lib\\server\\javascript.js:241:12)\n    at async C:\\Users\\User\\AppData\\Local\\Temp\\playwright-java-13986610088736224688\\package\\lib\\server\\frames.js:942:22\n    at async Frame.retryWithProgressAndTimeouts (C:\\Users\\User\\AppData\\Local\\Temp\\playwright-java-13986610088736224688\\package\\lib\\server\\frames.js:912:24)\n    at async C:\\Users\\User\\AppData\\Local\\Temp\\playwright-java-13986610088736224688\\package\\lib\\server\\frames.js:1154:29\n    at async ProgressController.run (C:\\Users\\User\\AppData\\Local\\Temp\\playwright-java-13986610088736224688\\package\\lib\\server\\progress.js:82:22)\n    at async FrameDispatcher.hover (C:\\Users\\User\\AppData\\Local\\Temp\\playwright-java-13986610088736224688\\package\\lib\\server\\dispatchers\\frameDispatcher.js:237:12)\n    at async LongStandingScope._race (C:\\Users\\User\\AppData\\Local\\Temp\\playwright-java-13986610088736224688\\package\\lib\\utils\\manualPromise.js:96:14)\n    at async FrameDispatcher._handleCommand (C:\\Users\\User\\AppData\\Local\\Temp\\playwright-java-13986610088736224688\\package\\lib\\server\\dispatchers\\dispatcher.js:96:14)\n}\nCall log:\n- waiting for locator(\"a:has-text('Accessories')\")\n\r\n\tat com.microsoft.playwright.impl.Connection.dispatch(Connection.java:259)\r\n\tat com.microsoft.playwright.impl.Connection.processOneMessage(Connection.java:211)\r\n\tat com.microsoft.playwright.impl.ChannelOwner.runUntil(ChannelOwner.java:118)\r\n\t... 81 more\r\n"},"stage":"finished","description":"","steps":[],"attachments":[],"parameters":[],"start":1766943331167,"stop":1766943350306}