{"uuid":"f98b9c2f-3740-47ac-9384-1a01d890ad36","historyId":"329bdf981898446e433e1bda8e1b6259","testCaseId":"[engine:junit-jupiter]/[class:com.prestashop.DashboardTest]/[method:testCase3_Dashboard()]","testCaseName":"testCase3_Dashboard()","fullName":"com.prestashop.DashboardTest.testCase3_Dashboard","labels":[{"name":"junit.platform.uniqueid","value":"[engine:junit-jupiter]/[class:com.prestashop.DashboardTest]/[method:testCase3_Dashboard()]"},{"name":"host","value":"DESKTOP-O4TM00G"},{"name":"thread","value":"24056@DESKTOP-O4TM00G.main(1)"},{"name":"framework","value":"junit-platform"},{"name":"language","value":"java"},{"name":"package","value":"com.prestashop.DashboardTest"},{"name":"testClass","value":"com.prestashop.DashboardTest"},{"name":"testMethod","value":"testCase3_Dashboard"},{"name":"suite","value":"com.prestashop.DashboardTest"}],"links":[],"name":"testCase3_Dashboard()","status":"broken","statusDetails":{"known":false,"muted":false,"flaky":false,"message":"Error {\n  message='Error: strict mode violation: locator(\"a:has-text('Accessories')\") resolved to 2 elements:\n    1) <a data-depth=\"0\" class=\"dropdown-item\" href=\"https…>…</a> aka getByRole(AriaRole.LINK, new Page.GetByRoleOptions().setName(\"Accessories\"))\n    2) <a data-depth=\"1\" class=\"dropdown-item dropdown-sub…>↵                                Home Accessories…</a> aka getByText(\"Home Accessories\")\n\n  name='Error\n  stack='Error: Error: strict mode violation: locator(\"a:has-text('Accessories')\") resolved to 2 elements:\n    1) <a data-depth=\"0\" class=\"dropdown-item\" href=\"https…>…</a> aka getByRole(AriaRole.LINK, new Page.GetByRoleOptions().setName(\"Accessories\"))\n    2) <a data-depth=\"1\" class=\"dropdown-item dropdown-sub…>↵                                Home Accessories…</a> aka getByText(\"Home Accessories\")\n\n    at CRExecutionContext.evaluateWithArguments (C:\\Users\\User\\AppData\\Local\\Temp\\playwright-java-6989812398659562069\\package\\lib\\server\\chromium\\crExecutionContext.js:92:33)\n    at runNextTicks (node:internal/process/task_queues:60:5)\n    at process.processImmediate (node:internal/timers:449:9)\n    at async LongStandingScope._race (C:\\Users\\User\\AppData\\Local\\Temp\\playwright-java-6989812398659562069\\package\\lib\\utils\\manualPromise.js:96:14)\n    at async evaluateExpression (C:\\Users\\User\\AppData\\Local\\Temp\\playwright-java-6989812398659562069\\package\\lib\\server\\javascript.js:241:12)\n    at async C:\\Users\\User\\AppData\\Local\\Temp\\playwright-java-6989812398659562069\\package\\lib\\server\\frames.js:628:24\n    at async Frame.retryWithProgressAndTimeouts (C:\\Users\\User\\AppData\\Local\\Temp\\playwright-java-6989812398659562069\\package\\lib\\server\\frames.js:912:24)\n    at async ProgressController.run (C:\\Users\\User\\AppData\\Local\\Temp\\playwright-java-6989812398659562069\\package\\lib\\server\\progress.js:82:22)\n    at async FrameDispatcher.waitForSelector (C:\\Users\\User\\AppData\\Local\\Temp\\playwright-java-6989812398659562069\\package\\lib\\server\\dispatchers\\frameDispatcher.js:106:85)\n    at async LongStandingScope._race (C:\\Users\\User\\AppData\\Local\\Temp\\playwright-java-6989812398659562069\\package\\lib\\utils\\manualPromise.js:96:14)\n}\nCall log:\n- waiting for locator(\"a:has-text('Accessories')\") to be visible\n","trace":"com.microsoft.playwright.PlaywrightException: Error {\n  message='Error: strict mode violation: locator(\"a:has-text('Accessories')\") resolved to 2 elements:\n    1) <a data-depth=\"0\" class=\"dropdown-item\" href=\"https…>…</a> aka getByRole(AriaRole.LINK, new Page.GetByRoleOptions().setName(\"Accessories\"))\n    2) <a data-depth=\"1\" class=\"dropdown-item dropdown-sub…>↵                                Home Accessories…</a> aka getByText(\"Home Accessories\")\n\n  name='Error\n  stack='Error: Error: strict mode violation: locator(\"a:has-text('Accessories')\") resolved to 2 elements:\n    1) <a data-depth=\"0\" class=\"dropdown-item\" href=\"https…>…</a> aka getByRole(AriaRole.LINK, new Page.GetByRoleOptions().setName(\"Accessories\"))\n    2) <a data-depth=\"1\" class=\"dropdown-item dropdown-sub…>↵                                Home Accessories…</a> aka getByText(\"Home Accessories\")\n\n    at CRExecutionContext.evaluateWithArguments (C:\\Users\\User\\AppData\\Local\\Temp\\playwright-java-6989812398659562069\\package\\lib\\server\\chromium\\crExecutionContext.js:92:33)\n    at runNextTicks (node:internal/process/task_queues:60:5)\n    at process.processImmediate (node:internal/timers:449:9)\n    at async LongStandingScope._race (C:\\Users\\User\\AppData\\Local\\Temp\\playwright-java-6989812398659562069\\package\\lib\\utils\\manualPromise.js:96:14)\n    at async evaluateExpression (C:\\Users\\User\\AppData\\Local\\Temp\\playwright-java-6989812398659562069\\package\\lib\\server\\javascript.js:241:12)\n    at async C:\\Users\\User\\AppData\\Local\\Temp\\playwright-java-6989812398659562069\\package\\lib\\server\\frames.js:628:24\n    at async Frame.retryWithProgressAndTimeouts (C:\\Users\\User\\AppData\\Local\\Temp\\playwright-java-6989812398659562069\\package\\lib\\server\\frames.js:912:24)\n    at async ProgressController.run (C:\\Users\\User\\AppData\\Local\\Temp\\playwright-java-6989812398659562069\\package\\lib\\server\\progress.js:82:22)\n    at async FrameDispatcher.waitForSelector (C:\\Users\\User\\AppData\\Local\\Temp\\playwright-java-6989812398659562069\\package\\lib\\server\\dispatchers\\frameDispatcher.js:106:85)\n    at async LongStandingScope._race (C:\\Users\\User\\AppData\\Local\\Temp\\playwright-java-6989812398659562069\\package\\lib\\utils\\manualPromise.js:96:14)\n}\nCall log:\n- waiting for locator(\"a:has-text('Accessories')\") to be visible\n\r\n\tat com.microsoft.playwright.impl.WaitableResult.get(WaitableResult.java:54)\r\n\tat com.microsoft.playwright.impl.ChannelOwner.runUntil(ChannelOwner.java:120)\r\n\tat com.microsoft.playwright.impl.Connection.sendMessage(Connection.java:130)\r\n\tat com.microsoft.playwright.impl.ChannelOwner.sendMessage(ChannelOwner.java:106)\r\n\tat com.microsoft.playwright.impl.FrameImpl.waitForSelectorImpl(FrameImpl.java:1060)\r\n\tat com.microsoft.playwright.impl.LocatorImpl.lambda$waitForImpl$7(LocatorImpl.java:610)\r\n\tat com.microsoft.playwright.impl.LoggingSupport.withLogging(LoggingSupport.java:47)\r\n\tat com.microsoft.playwright.impl.ChannelOwner.withLogging(ChannelOwner.java:89)\r\n\tat com.microsoft.playwright.impl.LocatorImpl.waitForImpl(LocatorImpl.java:610)\r\n\tat com.microsoft.playwright.impl.LocatorImpl.waitFor(LocatorImpl.java:606)\r\n\tat com.microsoft.playwright.Locator.waitFor(Locator.java:5198)\r\n\tat com.prestashop.DashboardPage.goToHomeAccessories(DashboardPage.java:59)\r\n\tat com.prestashop.DashboardTest.testCase3_Dashboard(DashboardTest.java:25)\r\n\tat java.base/jdk.internal.reflect.DirectMethodHandleAccessor.invoke(DirectMethodHandleAccessor.java:104)\r\n\tat java.base/java.lang.reflect.Method.invoke(Method.java:578)\r\n\tat org.junit.platform.commons.util.ReflectionUtils.invokeMethod(ReflectionUtils.java:766)\r\n\tat org.junit.jupiter.engine.execution.MethodInvocation.proceed(MethodInvocation.java:60)\r\n\tat org.junit.jupiter.engine.execution.InvocationInterceptorChain$ValidatingInvocation.proceed(InvocationInterceptorChain.java:131)\r\n\tat org.junit.jupiter.engine.extension.TimeoutExtension.intercept(TimeoutExtension.java:156)\r\n\tat org.junit.jupiter.engine.extension.TimeoutExtension.interceptTestableMethod(TimeoutExtension.java:147)\r\n\tat org.junit.jupiter.engine.extension.TimeoutExtension.interceptTestMethod(TimeoutExtension.java:86)\r\n\tat org.junit.jupiter.engine.execution.InterceptingExecutableInvoker$ReflectiveInterceptorCall.lambda$ofVoidMethod$0(InterceptingExecutableInvoker.java:103)\r\n\tat org.junit.jupiter.engine.execution.InterceptingExecutableInvoker.lambda$invoke$0(InterceptingExecutableInvoker.java:93)\r\n\tat org.junit.jupiter.engine.execution.InvocationInterceptorChain$InterceptedInvocation.proceed(InvocationInterceptorChain.java:106)\r\n\tat org.junit.jupiter.engine.execution.InvocationInterceptorChain.proceed(InvocationInterceptorChain.java:64)\r\n\tat org.junit.jupiter.engine.execution.InvocationInterceptorChain.chainAndInvoke(InvocationInterceptorChain.java:45)\r\n\tat org.junit.jupiter.engine.execution.InvocationInterceptorChain.invoke(InvocationInterceptorChain.java:37)\r\n\tat org.junit.jupiter.engine.execution.InterceptingExecutableInvoker.invoke(InterceptingExecutableInvoker.java:92)\r\n\tat org.junit.jupiter.engine.execution.InterceptingExecutableInvoker.invoke(InterceptingExecutableInvoker.java:86)\r\n\tat org.junit.jupiter.engine.descriptor.TestMethodTestDescriptor.lambda$invokeTestMethod$8(TestMethodTestDescriptor.java:217)\r\n\tat org.junit.platform.engine.support.hierarchical.ThrowableCollector.execute(ThrowableCollector.java:73)\r\n\tat org.junit.jupiter.engine.descriptor.TestMethodTestDescriptor.invokeTestMethod(TestMethodTestDescriptor.java:213)\r\n\tat org.junit.jupiter.engine.descriptor.TestMethodTestDescriptor.execute(TestMethodTestDescriptor.java:138)\r\n\tat org.junit.jupiter.engine.descriptor.TestMethodTestDescriptor.execute(TestMethodTestDescriptor.java:68)\r\n\tat org.junit.platform.engine.support.hierarchical.NodeTestTask.lambda$executeRecursively$6(NodeTestTask.java:151)\r\n\tat org.junit.platform.engine.support.hierarchical.ThrowableCollector.execute(ThrowableCollector.java:73)\r\n\tat org.junit.platform.engine.support.hierarchical.NodeTestTask.lambda$executeRecursively$8(NodeTestTask.java:141)\r\n\tat org.junit.platform.engine.support.hierarchical.Node.around(Node.java:137)\r\n\tat org.junit.platform.engine.support.hierarchical.NodeTestTask.lambda$executeRecursively$9(NodeTestTask.java:139)\r\n\tat org.junit.platform.engine.support.hierarchical.ThrowableCollector.execute(ThrowableCollector.java:73)\r\n\tat org.junit.platform.engine.support.hierarchical.NodeTestTask.executeRecursively(NodeTestTask.java:138)\r\n\tat org.junit.platform.engine.support.hierarchical.NodeTestTask.execute(NodeTestTask.java:95)\r\n\tat java.base/java.util.ArrayList.forEach(ArrayList.java:1511)\r\n\tat org.junit.platform.engine.support.hierarchical.SameThreadHierarchicalTestExecutorService.invokeAll(SameThreadHierarchicalTestExecutorService.java:41)\r\n\tat org.junit.platform.engine.support.hierarchical.NodeTestTask.lambda$executeRecursively$6(NodeTestTask.java:155)\r\n\tat org.junit.platform.engine.support.hierarchical.ThrowableCollector.execute(ThrowableCollector.java:73)\r\n\tat org.junit.platform.engine.support.hierarchical.NodeTestTask.lambda$executeRecursively$8(NodeTestTask.java:141)\r\n\tat org.junit.platform.engine.support.hierarchical.Node.around(Node.java:137)\r\n\tat org.junit.platform.engine.support.hierarchical.NodeTestTask.lambda$executeRecursively$9(NodeTestTask.java:139)\r\n\tat org.junit.platform.engine.support.hierarchical.ThrowableCollector.execute(ThrowableCollector.java:73)\r\n\tat org.junit.platform.engine.support.hierarchical.NodeTestTask.executeRecursively(NodeTestTask.java:138)\r\n\tat org.junit.platform.engine.support.hierarchical.NodeTestTask.execute(NodeTestTask.java:95)\r\n\tat java.base/java.util.ArrayList.forEach(ArrayList.java:1511)\r\n\tat org.junit.platform.engine.support.hierarchical.SameThreadHierarchicalTestExecutorService.invokeAll(SameThreadHierarchicalTestExecutorService.java:41)\r\n\tat org.junit.platform.engine.support.hierarchical.NodeTestTask.lambda$executeRecursively$6(NodeTestTask.java:155)\r\n\tat org.junit.platform.engine.support.hierarchical.ThrowableCollector.execute(ThrowableCollector.java:73)\r\n\tat org.junit.platform.engine.support.hierarchical.NodeTestTask.lambda$executeRecursively$8(NodeTestTask.java:141)\r\n\tat org.junit.platform.engine.support.hierarchical.Node.around(Node.java:137)\r\n\tat org.junit.platform.engine.support.hierarchical.NodeTestTask.lambda$executeRecursively$9(NodeTestTask.java:139)\r\n\tat org.junit.platform.engine.support.hierarchical.ThrowableCollector.execute(ThrowableCollector.java:73)\r\n\tat org.junit.platform.engine.support.hierarchical.NodeTestTask.executeRecursively(NodeTestTask.java:138)\r\n\tat org.junit.platform.engine.support.hierarchical.NodeTestTask.execute(NodeTestTask.java:95)\r\n\tat org.junit.platform.engine.support.hierarchical.SameThreadHierarchicalTestExecutorService.submit(SameThreadHierarchicalTestExecutorService.java:35)\r\n\tat org.junit.platform.engine.support.hierarchical.HierarchicalTestExecutor.execute(HierarchicalTestExecutor.java:57)\r\n\tat org.junit.platform.engine.support.hierarchical.HierarchicalTestEngine.execute(HierarchicalTestEngine.java:54)\r\n\tat org.junit.platform.launcher.core.EngineExecutionOrchestrator.execute(EngineExecutionOrchestrator.java:147)\r\n\tat org.junit.platform.launcher.core.EngineExecutionOrchestrator.execute(EngineExecutionOrchestrator.java:127)\r\n\tat org.junit.platform.launcher.core.EngineExecutionOrchestrator.execute(EngineExecutionOrchestrator.java:90)\r\n\tat org.junit.platform.launcher.core.EngineExecutionOrchestrator.lambda$execute$0(EngineExecutionOrchestrator.java:55)\r\n\tat org.junit.platform.launcher.core.EngineExecutionOrchestrator.withInterceptedStreams(EngineExecutionOrchestrator.java:102)\r\n\tat org.junit.platform.launcher.core.EngineExecutionOrchestrator.execute(EngineExecutionOrchestrator.java:54)\r\n\tat org.junit.platform.launcher.core.DefaultLauncher.execute(DefaultLauncher.java:114)\r\n\tat org.junit.platform.launcher.core.DefaultLauncher.execute(DefaultLauncher.java:95)\r\n\tat org.junit.platform.launcher.core.DefaultLauncherSession$DelegatingLauncher.execute(DefaultLauncherSession.java:91)\r\n\tat org.junit.platform.launcher.core.SessionPerRequestLauncher.execute(SessionPerRequestLauncher.java:60)\r\n\tat org.eclipse.jdt.internal.junit5.runner.JUnit5TestReference.run(JUnit5TestReference.java:98)\r\n\tat org.eclipse.jdt.internal.junit.runner.TestExecution.run(TestExecution.java:40)\r\n\tat org.eclipse.jdt.internal.junit.runner.RemoteTestRunner.runTests(RemoteTestRunner.java:529)\r\n\tat org.eclipse.jdt.internal.junit.runner.RemoteTestRunner.runTests(RemoteTestRunner.java:756)\r\n\tat org.eclipse.jdt.internal.junit.runner.RemoteTestRunner.run(RemoteTestRunner.java:452)\r\n\tat org.eclipse.jdt.internal.junit.runner.RemoteTestRunner.main(RemoteTestRunner.java:210)\r\nCaused by: com.microsoft.playwright.impl.DriverException: Error {\n  message='Error: strict mode violation: locator(\"a:has-text('Accessories')\") resolved to 2 elements:\n    1) <a data-depth=\"0\" class=\"dropdown-item\" href=\"https…>…</a> aka getByRole(AriaRole.LINK, new Page.GetByRoleOptions().setName(\"Accessories\"))\n    2) <a data-depth=\"1\" class=\"dropdown-item dropdown-sub…>↵                                Home Accessories…</a> aka getByText(\"Home Accessories\")\n\n  name='Error\n  stack='Error: Error: strict mode violation: locator(\"a:has-text('Accessories')\") resolved to 2 elements:\n    1) <a data-depth=\"0\" class=\"dropdown-item\" href=\"https…>…</a> aka getByRole(AriaRole.LINK, new Page.GetByRoleOptions().setName(\"Accessories\"))\n    2) <a data-depth=\"1\" class=\"dropdown-item dropdown-sub…>↵                                Home Accessories…</a> aka getByText(\"Home Accessories\")\n\n    at CRExecutionContext.evaluateWithArguments (C:\\Users\\User\\AppData\\Local\\Temp\\playwright-java-6989812398659562069\\package\\lib\\server\\chromium\\crExecutionContext.js:92:33)\n    at runNextTicks (node:internal/process/task_queues:60:5)\n    at process.processImmediate (node:internal/timers:449:9)\n    at async LongStandingScope._race (C:\\Users\\User\\AppData\\Local\\Temp\\playwright-java-6989812398659562069\\package\\lib\\utils\\manualPromise.js:96:14)\n    at async evaluateExpression (C:\\Users\\User\\AppData\\Local\\Temp\\playwright-java-6989812398659562069\\package\\lib\\server\\javascript.js:241:12)\n    at async C:\\Users\\User\\AppData\\Local\\Temp\\playwright-java-6989812398659562069\\package\\lib\\server\\frames.js:628:24\n    at async Frame.retryWithProgressAndTimeouts (C:\\Users\\User\\AppData\\Local\\Temp\\playwright-java-6989812398659562069\\package\\lib\\server\\frames.js:912:24)\n    at async ProgressController.run (C:\\Users\\User\\AppData\\Local\\Temp\\playwright-java-6989812398659562069\\package\\lib\\server\\progress.js:82:22)\n    at async FrameDispatcher.waitForSelector (C:\\Users\\User\\AppData\\Local\\Temp\\playwright-java-6989812398659562069\\package\\lib\\server\\dispatchers\\frameDispatcher.js:106:85)\n    at async LongStandingScope._race (C:\\Users\\User\\AppData\\Local\\Temp\\playwright-java-6989812398659562069\\package\\lib\\utils\\manualPromise.js:96:14)\n}\nCall log:\n- waiting for locator(\"a:has-text('Accessories')\") to be visible\n\r\n\tat com.microsoft.playwright.impl.Connection.dispatch(Connection.java:259)\r\n\tat com.microsoft.playwright.impl.Connection.processOneMessage(Connection.java:211)\r\n\tat com.microsoft.playwright.impl.ChannelOwner.runUntil(ChannelOwner.java:118)\r\n\t... 79 more\r\n"},"stage":"finished","description":"","steps":[],"attachments":[],"parameters":[],"start":1766919697265,"stop":1766919713829}